<?xml version="1.0" encoding="utf-8" standalone="no"?>
<test-results xmlns:xsi="http://www.w3.org/2001/XMLSchema-instance" xsi:noNamespaceSchemaLocation="nunit_schema_2.5.xsd" name="Pester" total="103" errors="0" failures="74" not-run="0" inconclusive="0" ignored="2" skipped="0" invalid="0" date="2017-02-22" time="21:31:07">
  <environment user="hilta" machine-name="THESERVERNAME" cwd="C:\Users\hilta" user-domain="HGXPS" platform="Microsoft Windows 10 Pro|C:\WINDOWS|\Device\Harddisk0\Partition4" nunit-version="2.5.8.0" os-version="10.0.14393" clr-version="4.0.30319.42000" />
  <culture-info current-culture="en-ZA" current-uiculture="en-US" />
  <test-suite type="TestFixture" name="Pester" executed="True" result="Failure" success="False" time="50.7345" asserts="0" description="Pester">
    <results>
      <test-suite type="TestFixture" name="C:\Development\GitHub\PoShMon\PoShMon\src\Tests\Unit\PoShMon.Configuration\New-PoShMonConfiguration.Tests.ps1" executed="True" result="Success" success="True" time="2.2741" asserts="0" description="C:\Development\GitHub\PoShMon\PoShMon\src\Tests\Unit\PoShMon.Configuration\New-PoShMonConfiguration.Tests.ps1">
        <results>
          <test-suite type="TestFixture" name="New-PoShMonConfiguration" executed="True" result="Success" success="True" time="2.2741" asserts="0" description="New-PoShMonConfiguration">
            <results>
              <test-case description="Should work with a minimal configuration" name="New-PoShMonConfiguration.Should work with a minimal configuration" time="1.9351" asserts="0" success="True" result="Success" executed="True" />
              <test-case description="Should work with a full configuration (Servers list)" name="New-PoShMonConfiguration.Should work with a full configuration (Servers list)" time="0.2178" asserts="0" success="True" result="Success" executed="True" />
              <test-case description="Should work with a full configuration (primary server)" name="New-PoShMonConfiguration.Should work with a full configuration (primary server)" time="0.1211" asserts="0" success="True" result="Success" executed="True" />
            </results>
          </test-suite>
        </results>
      </test-suite>
      <test-suite type="TestFixture" name="C:\Development\GitHub\PoShMon\PoShMon\src\Tests\Unit\PoShMon.Configuration\O365Teams.Tests.ps1" executed="True" result="Success" success="True" time="1.4399" asserts="0" description="C:\Development\GitHub\PoShMon\PoShMon\src\Tests\Unit\PoShMon.Configuration\O365Teams.Tests.ps1">
        <results>
          <test-suite type="TestFixture" name="O365TeamsConfiguration" executed="True" result="Success" success="True" time="1.4399" asserts="0" description="O365TeamsConfiguration">
            <results>
              <test-case description="Should return a matching configuration to what was supplied" name="O365TeamsConfiguration.Should return a matching configuration to what was supplied" time="1.4399" asserts="0" success="True" result="Success" executed="True" />
            </results>
          </test-suite>
        </results>
      </test-suite>
      <test-suite type="TestFixture" name="C:\Development\GitHub\PoShMon\PoShMon\src\Tests\Unit\PoShMon.Monitoring.OS\Invoke-OSMonitoring.Tests.ps1" executed="True" result="Success" success="True" time="2.9401" asserts="0" description="C:\Development\GitHub\PoShMon\PoShMon\src\Tests\Unit\PoShMon.Monitoring.OS\Invoke-OSMonitoring.Tests.ps1">
        <results>
          <test-suite type="TestFixture" name="Invoke-OSMonitoring" executed="True" result="Success" success="True" time="2.9401" asserts="0" description="Invoke-OSMonitoring">
            <results>
              <test-case description="Should work with a minimal configuration" name="Invoke-OSMonitoring.Should work with a minimal configuration" time="2.3529" asserts="0" success="True" result="Success" executed="True" />
              <test-case description="Should work with a full configuration (Servers list)" name="Invoke-OSMonitoring.Should work with a full configuration (Servers list)" time="0.3351" asserts="0" success="True" result="Success" executed="True" />
              <test-case description="Should work with a full configuration (primary server)" name="Invoke-OSMonitoring.Should work with a full configuration (primary server)" time="0.2521" asserts="0" success="True" result="Success" executed="True" />
            </results>
          </test-suite>
        </results>
      </test-suite>
      <test-suite type="TestFixture" name="C:\Development\GitHub\PoShMon\PoShMon\src\Tests\Unit\PoShMon.Monitoring.OS\Test-ComputerTime.Tests.ps1" executed="True" result="Success" success="True" time="4.1405" asserts="0" description="C:\Development\GitHub\PoShMon\PoShMon\src\Tests\Unit\PoShMon.Monitoring.OS\Test-ComputerTime.Tests.ps1">
        <results>
          <test-suite type="TestFixture" name="Test-ComputerTime" executed="True" result="Success" success="True" time="4.1405" asserts="0" description="Test-ComputerTime">
            <results>
              <test-case description="Should return a matching output structure" name="Test-ComputerTime.Should return a matching output structure" time="1.7682" asserts="0" success="True" result="Success" executed="True" />
              <test-case description="Should write the expected Verbose output" name="Test-ComputerTime.Should write the expected Verbose output" time="0.3377" asserts="0" success="True" result="Success" executed="True" />
              <test-case description="Should write the expected Warning output" name="Test-ComputerTime.Should write the expected Warning output" time="0.2013" asserts="0" success="True" result="Success" executed="True" />
              <test-case description="Should warn on different server time (to local PoShMon machine)" name="Test-ComputerTime.Should warn on different server time (to local PoShMon machine)" time="0.1876" asserts="0" success="True" result="Success" executed="True" />
              <test-case description="Should not warn on matching server times" name="Test-ComputerTime.Should not warn on matching server times" time="0.1602" asserts="0" success="True" result="Success" executed="True" />
              <test-case description="Should not warn on server time differences within default threshold" name="Test-ComputerTime.Should not warn on server time differences within default threshold" time="0.2902" asserts="0" success="True" result="Success" executed="True" />
              <test-case description="Should warn on server times with differences above default threshold" name="Test-ComputerTime.Should warn on server times with differences above default threshold" time="0.2375" asserts="0" success="True" result="Success" executed="True" />
              <test-case description="Should not warn on server time differences within configured threshold" name="Test-ComputerTime.Should not warn on server time differences within configured threshold" time="0.3071" asserts="0" success="True" result="Success" executed="True" />
              <test-case description="Should warn on server times with differences above configured threshold" name="Test-ComputerTime.Should warn on server times with differences above configured threshold" time="0.2667" asserts="0" success="True" result="Success" executed="True" />
              <test-case description="Should not warn on server times with differences within default threshold across hour boundaries" name="Test-ComputerTime.Should not warn on server times with differences within default threshold across hour boundaries" time="0.1617" asserts="0" success="True" result="Success" executed="True" />
              <test-case description="Should not warn on server times with differences within default threshold across day boundaries" name="Test-ComputerTime.Should not warn on server times with differences within default threshold across day boundaries" time="0.2222" asserts="0" success="True" result="Success" executed="True" />
            </results>
          </test-suite>
        </results>
      </test-suite>
      <test-suite type="TestFixture" name="C:\Development\GitHub\PoShMon\PoShMon\src\Tests\Unit\PoShMon.Monitoring.OS\Test-CPULoad.Tests.ps1" executed="True" result="Failure" success="False" time="2.6724" asserts="0" description="C:\Development\GitHub\PoShMon\PoShMon\src\Tests\Unit\PoShMon.Monitoring.OS\Test-CPULoad.Tests.ps1">
        <results>
          <test-suite type="TestFixture" name="Test-CPULoad" executed="True" result="Failure" success="False" time="2.6724" asserts="0" description="Test-CPULoad">
            <results>
              <test-case description="Should return a matching output structure" name="Test-CPULoad.Should return a matching output structure" time="1.8418" asserts="0" success="False" result="Failure" executed="True">
                <failure>
                  <message>Unable to find type [CounterSampleMock].</message>
                  <stack-trace>at line: 1148 in C:\Program Files\WindowsPowerShell\Modules\Pester\4.0.2\Functions\Mock.ps1</stack-trace>
                </failure>
              </test-case>
              <test-case description="Should write the expected Verbose output" name="Test-CPULoad.Should write the expected Verbose output" time="0.2085" asserts="0" success="False" result="Failure" executed="True">
                <failure>
                  <message>Unable to find type [CounterSampleMock].</message>
                  <stack-trace>at line: 1148 in C:\Program Files\WindowsPowerShell\Modules\Pester\4.0.2\Functions\Mock.ps1</stack-trace>
                </failure>
              </test-case>
              <test-case description="Should write the expected Warning output" name="Test-CPULoad.Should write the expected Warning output" time="0.1386" asserts="0" success="False" result="Failure" executed="True">
                <failure>
                  <message>Unable to find type [CounterSampleMock].</message>
                  <stack-trace>at line: 1148 in C:\Program Files\WindowsPowerShell\Modules\Pester\4.0.2\Functions\Mock.ps1</stack-trace>
                </failure>
              </test-case>
              <test-case description="Should not warn on CPU below threshold" name="Test-CPULoad.Should not warn on CPU below threshold" time="0.1503" asserts="0" success="False" result="Failure" executed="True">
                <failure>
                  <message>Unable to find type [CounterSampleMock].</message>
                  <stack-trace>at line: 1148 in C:\Program Files\WindowsPowerShell\Modules\Pester\4.0.2\Functions\Mock.ps1</stack-trace>
                </failure>
              </test-case>
              <test-case description="Should warn on CPU above threshold" name="Test-CPULoad.Should warn on CPU above threshold" time="0.1391" asserts="0" success="False" result="Failure" executed="True">
                <failure>
                  <message>Unable to find type [CounterSampleMock].</message>
                  <stack-trace>at line: 1148 in C:\Program Files\WindowsPowerShell\Modules\Pester\4.0.2\Functions\Mock.ps1</stack-trace>
                </failure>
              </test-case>
              <test-case description="Should use the configuration threshold properly" name="Test-CPULoad.Should use the configuration threshold properly" time="0.194" asserts="0" success="False" result="Failure" executed="True">
                <failure>
                  <message>Unable to find type [CounterSampleMock].</message>
                  <stack-trace>at line: 1148 in C:\Program Files\WindowsPowerShell\Modules\Pester\4.0.2\Functions\Mock.ps1</stack-trace>
                </failure>
              </test-case>
            </results>
          </test-suite>
        </results>
      </test-suite>
      <test-suite type="TestFixture" name="C:\Development\GitHub\PoShMon\PoShMon\src\Tests\Unit\PoShMon.Monitoring.OS\Test-DriveSpace.Tests.ps1" executed="True" result="Failure" success="False" time="3.2779" asserts="0" description="C:\Development\GitHub\PoShMon\PoShMon\src\Tests\Unit\PoShMon.Monitoring.OS\Test-DriveSpace.Tests.ps1">
        <results>
          <test-suite type="TestFixture" name="Test-DriveSpace" executed="True" result="Failure" success="False" time="3.2779" asserts="0" description="Test-DriveSpace">
            <results>
              <test-case description="Should return a matching output structure" name="Test-DriveSpace.Should return a matching output structure" time="1.5381" asserts="0" success="False" result="Failure" executed="True">
                <failure>
                  <message>Unable to find type [DiskMock].</message>
                  <stack-trace>at line: 1148 in C:\Program Files\WindowsPowerShell\Modules\Pester\4.0.2\Functions\Mock.ps1</stack-trace>
                </failure>
              </test-case>
              <test-case description="Should write the expected Verbose output (fixed)" name="Test-DriveSpace.Should write the expected Verbose output (fixed)" time="0.1835" asserts="0" success="False" result="Failure" executed="True">
                <failure>
                  <message>Unable to find type [DiskMock].</message>
                  <stack-trace>at line: 1148 in C:\Program Files\WindowsPowerShell\Modules\Pester\4.0.2\Functions\Mock.ps1</stack-trace>
                </failure>
              </test-case>
              <test-case description="Should write the expected Warning output (fixed)" name="Test-DriveSpace.Should write the expected Warning output (fixed)" time="0.163" asserts="0" success="False" result="Failure" executed="True">
                <failure>
                  <message>Unable to find type [DiskMock].</message>
                  <stack-trace>at line: 1148 in C:\Program Files\WindowsPowerShell\Modules\Pester\4.0.2\Functions\Mock.ps1</stack-trace>
                </failure>
              </test-case>
              <test-case description="Should write the expected Warning output (percent)" name="Test-DriveSpace.Should write the expected Warning output (percent)" time="0.1842" asserts="0" success="False" result="Failure" executed="True">
                <failure>
                  <message>Unable to find type [DiskMock].</message>
                  <stack-trace>at line: 1148 in C:\Program Files\WindowsPowerShell\Modules\Pester\4.0.2\Functions\Mock.ps1</stack-trace>
                </failure>
              </test-case>
              <test-case description="Should not warn on space above threshold" name="Test-DriveSpace.Should not warn on space above threshold" time="0.164" asserts="0" success="False" result="Failure" executed="True">
                <failure>
                  <message>Unable to find type [DiskMock].</message>
                  <stack-trace>at line: 1148 in C:\Program Files\WindowsPowerShell\Modules\Pester\4.0.2\Functions\Mock.ps1</stack-trace>
                </failure>
              </test-case>
              <test-case description="Should warn on space below threshold (default)" name="Test-DriveSpace.Should warn on space below threshold (default)" time="0.1623" asserts="0" success="False" result="Failure" executed="True">
                <failure>
                  <message>Unable to find type [DiskMock].</message>
                  <stack-trace>at line: 1148 in C:\Program Files\WindowsPowerShell\Modules\Pester\4.0.2\Functions\Mock.ps1</stack-trace>
                </failure>
              </test-case>
              <test-case description="Should warn on space below specified threshold (fixed)" name="Test-DriveSpace.Should warn on space below specified threshold (fixed)" time="0.2298" asserts="0" success="False" result="Failure" executed="True">
                <failure>
                  <message>Unable to find type [DiskMock].</message>
                  <stack-trace>at line: 1148 in C:\Program Files\WindowsPowerShell\Modules\Pester\4.0.2\Functions\Mock.ps1</stack-trace>
                </failure>
              </test-case>
              <test-case description="Should warn on space above specified threshold (percent)" name="Test-DriveSpace.Should warn on space above specified threshold (percent)" time="0.365" asserts="0" success="False" result="Failure" executed="True">
                <failure>
                  <message>Unable to find type [DiskMock].</message>
                  <stack-trace>at line: 1148 in C:\Program Files\WindowsPowerShell\Modules\Pester\4.0.2\Functions\Mock.ps1</stack-trace>
                </failure>
              </test-case>
              <test-case description="Should not warn on space below specified threshold (percent)" name="Test-DriveSpace.Should not warn on space below specified threshold (percent)" time="0.2879" asserts="0" success="False" result="Failure" executed="True">
                <failure>
                  <message>Unable to find type [DiskMock].</message>
                  <stack-trace>at line: 1148 in C:\Program Files\WindowsPowerShell\Modules\Pester\4.0.2\Functions\Mock.ps1</stack-trace>
                </failure>
              </test-case>
            </results>
          </test-suite>
        </results>
      </test-suite>
      <test-suite type="TestFixture" name="C:\Development\GitHub\PoShMon\PoShMon\src\Tests\Unit\PoShMon.Monitoring.OS\Test-EventLogs.Tests.ps1" executed="True" result="Failure" success="False" time="3.168" asserts="0" description="C:\Development\GitHub\PoShMon\PoShMon\src\Tests\Unit\PoShMon.Monitoring.OS\Test-EventLogs.Tests.ps1">
        <results>
          <test-suite type="TestFixture" name="Test-EventLogs" executed="True" result="Failure" success="False" time="3.168" asserts="0" description="Test-EventLogs">
            <results>
              <test-case description="Should return a matching output structure" name="Test-EventLogs.Should return a matching output structure" time="2.3257" asserts="0" success="False" result="Failure" executed="True">
                <failure>
                  <message>Unable to find type [EventLogItemMock].</message>
                  <stack-trace>at line: 1148 in C:\Program Files\WindowsPowerShell\Modules\Pester\4.0.2\Functions\Mock.ps1</stack-trace>
                </failure>
              </test-case>
              <test-case description="Should write the expected Verbose output" name="Test-EventLogs.Should write the expected Verbose output" time="0.2096" asserts="0" success="True" result="Success" executed="True" />
              <test-case description="Should write the expected Warning output" name="Test-EventLogs.Should write the expected Warning output" time="0.1822" asserts="0" success="False" result="Failure" executed="True">
                <failure>
                  <message>Unable to find type [EventLogItemMock].</message>
                  <stack-trace>at line: 1148 in C:\Program Files\WindowsPowerShell\Modules\Pester\4.0.2\Functions\Mock.ps1</stack-trace>
                </failure>
              </test-case>
              <test-case description="Should alert on items found" name="Test-EventLogs.Should alert on items found" time="0.2009" asserts="0" success="False" result="Failure" executed="True">
                <failure>
                  <message>Unable to find type [EventLogItemMock].</message>
                  <stack-trace>at line: 1148 in C:\Program Files\WindowsPowerShell\Modules\Pester\4.0.2\Functions\Mock.ps1</stack-trace>
                </failure>
              </test-case>
              <test-case description="Should group per server" name="Test-EventLogs.Should group per server" time="0.0267" asserts="0" success="True" result="Ignored" executed="False" />
              <test-case description="Should group on EventID and Message" name="Test-EventLogs.Should group on EventID and Message" time="0.223" asserts="0" success="False" result="Failure" executed="True">
                <failure>
                  <message>Unable to find type [EventLogItemMock].</message>
                  <stack-trace>at line: 1148 in C:\Program Files\WindowsPowerShell\Modules\Pester\4.0.2\Functions\Mock.ps1</stack-trace>
                </failure>
              </test-case>
            </results>
          </test-suite>
        </results>
      </test-suite>
      <test-suite type="TestFixture" name="C:\Development\GitHub\PoShMon\PoShMon\src\Tests\Unit\PoShMon.Monitoring.OS\Test-Memory.Tests.ps1" executed="True" result="Failure" success="False" time="2.2369" asserts="0" description="C:\Development\GitHub\PoShMon\PoShMon\src\Tests\Unit\PoShMon.Monitoring.OS\Test-Memory.Tests.ps1">
        <results>
          <test-suite type="TestFixture" name="Test-Memory" executed="True" result="Failure" success="False" time="2.2369" asserts="0" description="Test-Memory">
            <results>
              <test-case description="Should return a matching output structure" name="Test-Memory.Should return a matching output structure" time="1.4123" asserts="0" success="False" result="Failure" executed="True">
                <failure>
                  <message>Unable to find type [ServerMemoryMock].</message>
                  <stack-trace>at line: 1148 in C:\Program Files\WindowsPowerShell\Modules\Pester\4.0.2\Functions\Mock.ps1</stack-trace>
                </failure>
              </test-case>
              <test-case description="Should write the expected Verbose output" name="Test-Memory.Should write the expected Verbose output" time="0.1014" asserts="0" success="False" result="Failure" executed="True">
                <failure>
                  <message>Unable to find type [ServerMemoryMock].</message>
                  <stack-trace>at line: 1148 in C:\Program Files\WindowsPowerShell\Modules\Pester\4.0.2\Functions\Mock.ps1</stack-trace>
                </failure>
              </test-case>
              <test-case description="Should write the expected Warning output" name="Test-Memory.Should write the expected Warning output" time="0.1507" asserts="0" success="False" result="Failure" executed="True">
                <failure>
                  <message>Unable to find type [ServerMemoryMock].</message>
                  <stack-trace>at line: 1148 in C:\Program Files\WindowsPowerShell\Modules\Pester\4.0.2\Functions\Mock.ps1</stack-trace>
                </failure>
              </test-case>
              <test-case description="Should not warn on space above threshold" name="Test-Memory.Should not warn on space above threshold" time="0.1341" asserts="0" success="False" result="Failure" executed="True">
                <failure>
                  <message>Unable to find type [ServerMemoryMock].</message>
                  <stack-trace>at line: 1148 in C:\Program Files\WindowsPowerShell\Modules\Pester\4.0.2\Functions\Mock.ps1</stack-trace>
                </failure>
              </test-case>
              <test-case description="Should warn on space below threshold" name="Test-Memory.Should warn on space below threshold" time="0.201" asserts="0" success="False" result="Failure" executed="True">
                <failure>
                  <message>Unable to find type [ServerMemoryMock].</message>
                  <stack-trace>at line: 1148 in C:\Program Files\WindowsPowerShell\Modules\Pester\4.0.2\Functions\Mock.ps1</stack-trace>
                </failure>
              </test-case>
              <test-case description="Should use the configuration threshold properly" name="Test-Memory.Should use the configuration threshold properly" time="0.2373" asserts="0" success="False" result="Failure" executed="True">
                <failure>
                  <message>Unable to find type [ServerMemoryMock].</message>
                  <stack-trace>at line: 1148 in C:\Program Files\WindowsPowerShell\Modules\Pester\4.0.2\Functions\Mock.ps1</stack-trace>
                </failure>
              </test-case>
            </results>
          </test-suite>
        </results>
      </test-suite>
      <test-suite type="TestFixture" name="C:\Development\GitHub\PoShMon\PoShMon\src\Tests\Unit\PoShMon.Monitoring.OS\Test-ServiceState.Tests.ps1" executed="True" result="Success" success="True" time="2.2144" asserts="0" description="C:\Development\GitHub\PoShMon\PoShMon\src\Tests\Unit\PoShMon.Monitoring.OS\Test-ServiceState.Tests.ps1">
        <results>
          <test-suite type="TestFixture" name="Test-ServiceState" executed="True" result="Success" success="True" time="2.2144" asserts="0" description="Test-ServiceState">
            <results>
              <test-case description="Should return a matching output structure" name="Test-ServiceState.Should return a matching output structure" time="1.6127" asserts="0" success="True" result="Success" executed="True" />
              <test-case description="Should write the expected Verbose output" name="Test-ServiceState.Should write the expected Verbose output" time="0.1892" asserts="0" success="True" result="Success" executed="True" />
              <test-case description="Should pass for all running services" name="Test-ServiceState.Should pass for all running services" time="0.1721" asserts="0" success="True" result="Success" executed="True" />
              <test-case description="Should fail for any service in the wrong state" name="Test-ServiceState.Should fail for any service in the wrong state" time="0.2404" asserts="0" success="True" result="Success" executed="True" />
            </results>
          </test-suite>
        </results>
      </test-suite>
      <test-suite type="TestFixture" name="C:\Development\GitHub\PoShMon\PoShMon\src\Tests\Unit\PoShMon.Monitoring.SharePoint\Resolve-HighCPUWhileSearchRunning.Tests.ps1" executed="True" result="Failure" success="False" time="1.8024" asserts="0" description="C:\Development\GitHub\PoShMon\PoShMon\src\Tests\Unit\PoShMon.Monitoring.SharePoint\Resolve-HighCPUWhileSearchRunning.Tests.ps1">
        <results>
          <test-suite type="TestFixture" name="Resolve-HighCPUWhileSearchRunning" executed="True" result="Failure" success="False" time="1.8024" asserts="0" description="Resolve-HighCPUWhileSearchRunning">
            <results>
              <test-case description="Should not change output for non-Search activity" name="Resolve-HighCPUWhileSearchRunning.Should not change output for non-Search activity" time="1.4898" asserts="0" success="False" result="Failure" executed="True">
                <failure>
                  <message>Unable to find type [ContentSourceMock].</message>
                  <stack-trace>at line: 1148 in C:\Program Files\WindowsPowerShell\Modules\Pester\4.0.2\Functions\Mock.ps1</stack-trace>
                </failure>
              </test-case>
              <test-case description="Should not change output for Search Query activity" name="Resolve-HighCPUWhileSearchRunning.Should not change output for Search Query activity" time="0.1458" asserts="0" success="False" result="Failure" executed="True">
                <failure>
                  <message>Unable to find type [ContentSourceMock].</message>
                  <stack-trace>at line: 1148 in C:\Program Files\WindowsPowerShell\Modules\Pester\4.0.2\Functions\Mock.ps1</stack-trace>
                </failure>
              </test-case>
              <test-case description="Should change output for non-Query Search activity" name="Resolve-HighCPUWhileSearchRunning.Should change output for non-Query Search activity" time="0.1668" asserts="0" success="False" result="Failure" executed="True">
                <failure>
                  <message>Unable to find type [ContentSourceMock].</message>
                  <stack-trace>at line: 1148 in C:\Program Files\WindowsPowerShell\Modules\Pester\4.0.2\Functions\Mock.ps1</stack-trace>
                </failure>
              </test-case>
            </results>
          </test-suite>
        </results>
      </test-suite>
      <test-suite type="TestFixture" name="C:\Development\GitHub\PoShMon\PoShMon\src\Tests\Unit\PoShMon.Monitoring.SharePoint\Test-FarmHealth.Tests.ps1" executed="True" result="Success" success="True" time="0" asserts="0" description="C:\Development\GitHub\PoShMon\PoShMon\src\Tests\Unit\PoShMon.Monitoring.SharePoint\Test-FarmHealth.Tests.ps1">
        <results />
      </test-suite>
      <test-suite type="TestFixture" name="C:\Development\GitHub\PoShMon\PoShMon\src\Tests\Unit\PoShMon.Monitoring.SharePoint\Test-SPDatabaseHealth.Tests.ps1" executed="True" result="Failure" success="False" time="3.1126" asserts="0" description="C:\Development\GitHub\PoShMon\PoShMon\src\Tests\Unit\PoShMon.Monitoring.SharePoint\Test-SPDatabaseHealth.Tests.ps1">
        <results>
          <test-suite type="TestFixture" name="Test-SPDatabaseHealth" executed="True" result="Failure" success="False" time="3.1126" asserts="0" description="Test-SPDatabaseHealth">
            <results>
              <test-case description="Should return a matching output structure" name="Test-SPDatabaseHealth.Should return a matching output structure" time="2.4796" asserts="0" success="False" result="Failure" executed="True">
                <failure>
                  <message>Unable to find type [SPDatabaseMock].</message>
                  <stack-trace>at line: 1148 in C:\Program Files\WindowsPowerShell\Modules\Pester\4.0.2\Functions\Mock.ps1</stack-trace>
                </failure>
              </test-case>
              <test-case description="Should write the expected Verbose output" name="Test-SPDatabaseHealth.Should write the expected Verbose output" time="0.2197" asserts="0" success="False" result="Failure" executed="True">
                <failure>
                  <message>Unable to find type [SPDatabaseMock].</message>
                  <stack-trace>at line: 1148 in C:\Program Files\WindowsPowerShell\Modules\Pester\4.0.2\Functions\Mock.ps1</stack-trace>
                </failure>
              </test-case>
              <test-case description="Should write the expected Warning output" name="Test-SPDatabaseHealth.Should write the expected Warning output" time="0.1353" asserts="0" success="False" result="Failure" executed="True">
                <failure>
                  <message>Unable to find type [SPDatabaseMock].</message>
                  <stack-trace>at line: 1148 in C:\Program Files\WindowsPowerShell\Modules\Pester\4.0.2\Functions\Mock.ps1</stack-trace>
                </failure>
              </test-case>
              <test-case description="Should not warn on databases that are all fine" name="Test-SPDatabaseHealth.Should not warn on databases that are all fine" time="0.1283" asserts="0" success="False" result="Failure" executed="True">
                <failure>
                  <message>Unable to find type [SPDatabaseMock].</message>
                  <stack-trace>at line: 1148 in C:\Program Files\WindowsPowerShell\Modules\Pester\4.0.2\Functions\Mock.ps1</stack-trace>
                </failure>
              </test-case>
              <test-case description="Should warn on databases that are need upgrade" name="Test-SPDatabaseHealth.Should warn on databases that are need upgrade" time="0.1497" asserts="0" success="False" result="Failure" executed="True">
                <failure>
                  <message>Unable to find type [SPDatabaseMock].</message>
                  <stack-trace>at line: 1148 in C:\Program Files\WindowsPowerShell\Modules\Pester\4.0.2\Functions\Mock.ps1</stack-trace>
                </failure>
              </test-case>
            </results>
          </test-suite>
        </results>
      </test-suite>
      <test-suite type="TestFixture" name="C:\Development\GitHub\PoShMon\PoShMon\src\Tests\Unit\PoShMon.Monitoring.SharePoint\Test-SPDistributedCacheHealth.Tests.ps1" executed="True" result="Failure" success="False" time="2.0467" asserts="0" description="C:\Development\GitHub\PoShMon\PoShMon\src\Tests\Unit\PoShMon.Monitoring.SharePoint\Test-SPDistributedCacheHealth.Tests.ps1">
        <results>
          <test-suite type="TestFixture" name="Test-SPDistributedCacheHealth" executed="True" result="Failure" success="False" time="2.0467" asserts="0" description="Test-SPDistributedCacheHealth">
            <results>
              <test-case description="Should return a matching output structure" name="Test-SPDistributedCacheHealth.Should return a matching output structure" time="1.383" asserts="0" success="False" result="Failure" executed="True">
                <failure>
                  <message>Unable to find type [SPDistributedCacheMock].</message>
                  <stack-trace>at line: 1148 in C:\Program Files\WindowsPowerShell\Modules\Pester\4.0.2\Functions\Mock.ps1</stack-trace>
                </failure>
              </test-case>
              <test-case description="Should write the expected Verbose output" name="Test-SPDistributedCacheHealth.Should write the expected Verbose output" time="0.1349" asserts="0" success="False" result="Failure" executed="True">
                <failure>
                  <message>Unable to find type [SPDistributedCacheMock].</message>
                  <stack-trace>at line: 1148 in C:\Program Files\WindowsPowerShell\Modules\Pester\4.0.2\Functions\Mock.ps1</stack-trace>
                </failure>
              </test-case>
              <test-case description="Should write the expected Warning output" name="Test-SPDistributedCacheHealth.Should write the expected Warning output" time="0.1625" asserts="0" success="False" result="Failure" executed="True">
                <failure>
                  <message>Unable to find type [SPDistributedCacheMock].</message>
                  <stack-trace>at line: 1148 in C:\Program Files\WindowsPowerShell\Modules\Pester\4.0.2\Functions\Mock.ps1</stack-trace>
                </failure>
              </test-case>
              <test-case description="Should not warn on all server are online" name="Test-SPDistributedCacheHealth.Should not warn on all server are online" time="0.1988" asserts="0" success="False" result="Failure" executed="True">
                <failure>
                  <message>Unable to find type [SPDistributedCacheMock].</message>
                  <stack-trace>at line: 1148 in C:\Program Files\WindowsPowerShell\Modules\Pester\4.0.2\Functions\Mock.ps1</stack-trace>
                </failure>
              </test-case>
              <test-case description="Should warn on servers being offline" name="Test-SPDistributedCacheHealth.Should warn on servers being offline" time="0.1675" asserts="0" success="False" result="Failure" executed="True">
                <failure>
                  <message>Unable to find type [SPDistributedCacheMock].</message>
                  <stack-trace>at line: 1148 in C:\Program Files\WindowsPowerShell\Modules\Pester\4.0.2\Functions\Mock.ps1</stack-trace>
                </failure>
              </test-case>
            </results>
          </test-suite>
        </results>
      </test-suite>
      <test-suite type="TestFixture" name="C:\Development\GitHub\PoShMon\PoShMon\src\Tests\Unit\PoShMon.Monitoring.SharePoint\Test-SPJobHealth.Tests.ps1" executed="True" result="Failure" success="False" time="2.3379" asserts="0" description="C:\Development\GitHub\PoShMon\PoShMon\src\Tests\Unit\PoShMon.Monitoring.SharePoint\Test-SPJobHealth.Tests.ps1">
        <results>
          <test-suite type="TestFixture" name="Test-SPJobHealth" executed="True" result="Failure" success="False" time="2.3379" asserts="0" description="Test-SPJobHealth">
            <results>
              <test-case description="Should return a matching output structure" name="Test-SPJobHealth.Should return a matching output structure" time="1.4752" asserts="0" success="False" result="Failure" executed="True">
                <failure>
                  <message>Unable to find type [SPJobHealthMock].</message>
                  <stack-trace>at line: 1148 in C:\Program Files\WindowsPowerShell\Modules\Pester\4.0.2\Functions\Mock.ps1</stack-trace>
                </failure>
              </test-case>
              <test-case description="Should write the expected Verbose output" name="Test-SPJobHealth.Should write the expected Verbose output" time="0.2408" asserts="0" success="True" result="Success" executed="True" />
              <test-case description="Should not warn on no failed Jobs" name="Test-SPJobHealth.Should not warn on no failed Jobs" time="0.1274" asserts="0" success="True" result="Success" executed="True" />
              <test-case description="Should write the expected Warning output" name="Test-SPJobHealth.Should write the expected Warning output" time="0.1911" asserts="0" success="False" result="Failure" executed="True">
                <failure>
                  <message>Unable to find type [SPJobHealthMock].</message>
                  <stack-trace>at line: 1148 in C:\Program Files\WindowsPowerShell\Modules\Pester\4.0.2\Functions\Mock.ps1</stack-trace>
                </failure>
              </test-case>
              <test-case description="Should warn on any failed Jobs" name="Test-SPJobHealth.Should warn on any failed Jobs" time="0.1457" asserts="0" success="False" result="Failure" executed="True">
                <failure>
                  <message>Unable to find type [SPJobHealthMock].</message>
                  <stack-trace>at line: 1148 in C:\Program Files\WindowsPowerShell\Modules\Pester\4.0.2\Functions\Mock.ps1</stack-trace>
                </failure>
              </test-case>
              <test-case description="Should return all failed Jobs" name="Test-SPJobHealth.Should return all failed Jobs" time="0.1577" asserts="0" success="False" result="Failure" executed="True">
                <failure>
                  <message>Unable to find type [SPJobHealthMock].</message>
                  <stack-trace>at line: 1148 in C:\Program Files\WindowsPowerShell\Modules\Pester\4.0.2\Functions\Mock.ps1</stack-trace>
                </failure>
              </test-case>
            </results>
          </test-suite>
        </results>
      </test-suite>
      <test-suite type="TestFixture" name="C:\Development\GitHub\PoShMon\PoShMon\src\Tests\Unit\PoShMon.Monitoring.SharePoint\Test-SPSearchHealth.Tests.ps1" executed="True" result="Failure" success="False" time="2.1736" asserts="0" description="C:\Development\GitHub\PoShMon\PoShMon\src\Tests\Unit\PoShMon.Monitoring.SharePoint\Test-SPSearchHealth.Tests.ps1">
        <results>
          <test-suite type="TestFixture" name="Test-SPSearchHealth" executed="True" result="Failure" success="False" time="2.1736" asserts="0" description="Test-SPSearchHealth">
            <results>
              <test-case description="Should return a matching output structure" name="Test-SPSearchHealth.Should return a matching output structure" time="1.3485" asserts="0" success="False" result="Failure" executed="True">
                <failure>
                  <message>Unable to find type [SearchItemsMock].</message>
                  <stack-trace>at line: 1148 in C:\Program Files\WindowsPowerShell\Modules\Pester\4.0.2\Functions\Mock.ps1</stack-trace>
                </failure>
              </test-case>
              <test-case description="Should write the expected Verbose output" name="Test-SPSearchHealth.Should write the expected Verbose output" time="0.1312" asserts="0" success="False" result="Failure" executed="True">
                <failure>
                  <message>Unable to find type [SearchItemsMock].</message>
                  <stack-trace>at line: 1148 in C:\Program Files\WindowsPowerShell\Modules\Pester\4.0.2\Functions\Mock.ps1</stack-trace>
                </failure>
              </test-case>
              <test-case description="Should write the expected Warning output" name="Test-SPSearchHealth.Should write the expected Warning output" time="0.19" asserts="0" success="False" result="Failure" executed="True">
                <failure>
                  <message>Unable to find type [SearchItemsMock].</message>
                  <stack-trace>at line: 1148 in C:\Program Files\WindowsPowerShell\Modules\Pester\4.0.2\Functions\Mock.ps1</stack-trace>
                </failure>
              </test-case>
              <test-case description="Should return an output for each component" name="Test-SPSearchHealth.Should return an output for each component" time="0.1771" asserts="0" success="False" result="Failure" executed="True">
                <failure>
                  <message>Unable to find type [SearchItemsMock].</message>
                  <stack-trace>at line: 1148 in C:\Program Files\WindowsPowerShell\Modules\Pester\4.0.2\Functions\Mock.ps1</stack-trace>
                </failure>
              </test-case>
              <test-case description="Should not warn on all Active components" name="Test-SPSearchHealth.Should not warn on all Active components" time="0.1617" asserts="0" success="False" result="Failure" executed="True">
                <failure>
                  <message>Unable to find type [SearchItemsMock].</message>
                  <stack-trace>at line: 1148 in C:\Program Files\WindowsPowerShell\Modules\Pester\4.0.2\Functions\Mock.ps1</stack-trace>
                </failure>
              </test-case>
              <test-case description="Should warn on at least one InActive components" name="Test-SPSearchHealth.Should warn on at least one InActive components" time="0.1651" asserts="0" success="False" result="Failure" executed="True">
                <failure>
                  <message>Unable to find type [SearchItemsMock].</message>
                  <stack-trace>at line: 1148 in C:\Program Files\WindowsPowerShell\Modules\Pester\4.0.2\Functions\Mock.ps1</stack-trace>
                </failure>
              </test-case>
            </results>
          </test-suite>
        </results>
      </test-suite>
      <test-suite type="TestFixture" name="C:\Development\GitHub\PoShMon\PoShMon\src\Tests\Unit\PoShMon.Monitoring.SharePoint\Test-SPServerStatus.Tests.ps1" executed="True" result="Failure" success="False" time="2.6261" asserts="0" description="C:\Development\GitHub\PoShMon\PoShMon\src\Tests\Unit\PoShMon.Monitoring.SharePoint\Test-SPServerStatus.Tests.ps1">
        <results>
          <test-suite type="TestFixture" name="Test-SPServerStatus" executed="True" result="Failure" success="False" time="2.6261" asserts="0" description="Test-SPServerStatus">
            <results>
              <test-case description="Should return a matching output structure" name="Test-SPServerStatus.Should return a matching output structure" time="1.6563" asserts="0" success="False" result="Failure" executed="True">
                <failure>
                  <message>Unable to find type [SPServerMock].</message>
                  <stack-trace>at line: 1148 in C:\Program Files\WindowsPowerShell\Modules\Pester\4.0.2\Functions\Mock.ps1</stack-trace>
                </failure>
              </test-case>
              <test-case description="Should write the expected Verbose output" name="Test-SPServerStatus.Should write the expected Verbose output" time="0.1355" asserts="0" success="False" result="Failure" executed="True">
                <failure>
                  <message>Unable to find type [SPServerMock].</message>
                  <stack-trace>at line: 1148 in C:\Program Files\WindowsPowerShell\Modules\Pester\4.0.2\Functions\Mock.ps1</stack-trace>
                </failure>
              </test-case>
              <test-case description="Should write the expected Warning output" name="Test-SPServerStatus.Should write the expected Warning output" time="0.1766" asserts="0" success="False" result="Failure" executed="True">
                <failure>
                  <message>Unable to find type [SPServerMock].</message>
                  <stack-trace>at line: 1148 in C:\Program Files\WindowsPowerShell\Modules\Pester\4.0.2\Functions\Mock.ps1</stack-trace>
                </failure>
              </test-case>
              <test-case description="Should return an output for each Server" name="Test-SPServerStatus.Should return an output for each Server" time="0.1175" asserts="0" success="False" result="Failure" executed="True">
                <failure>
                  <message>Unable to find type [SPServerMock].</message>
                  <stack-trace>at line: 1148 in C:\Program Files\WindowsPowerShell\Modules\Pester\4.0.2\Functions\Mock.ps1</stack-trace>
                </failure>
              </test-case>
              <test-case description="Should warn on any component needing upgrade" name="Test-SPServerStatus.Should warn on any component needing upgrade" time="0.1475" asserts="0" success="False" result="Failure" executed="True">
                <failure>
                  <message>Unable to find type [SPServerMock].</message>
                  <stack-trace>at line: 1148 in C:\Program Files\WindowsPowerShell\Modules\Pester\4.0.2\Functions\Mock.ps1</stack-trace>
                </failure>
              </test-case>
              <test-case description="Should warn on any component not being Online" name="Test-SPServerStatus.Should warn on any component not being Online" time="0.2071" asserts="0" success="False" result="Failure" executed="True">
                <failure>
                  <message>Unable to find type [SPServerMock].</message>
                  <stack-trace>at line: 1148 in C:\Program Files\WindowsPowerShell\Modules\Pester\4.0.2\Functions\Mock.ps1</stack-trace>
                </failure>
              </test-case>
              <test-case description="Should warn on any component not being Online and needing upgrade" name="Test-SPServerStatus.Should warn on any component not being Online and needing upgrade" time="0.1856" asserts="0" success="False" result="Failure" executed="True">
                <failure>
                  <message>Unable to find type [SPServerMock].</message>
                  <stack-trace>at line: 1148 in C:\Program Files\WindowsPowerShell\Modules\Pester\4.0.2\Functions\Mock.ps1</stack-trace>
                </failure>
              </test-case>
            </results>
          </test-suite>
        </results>
      </test-suite>
      <test-suite type="TestFixture" name="C:\Development\GitHub\PoShMon\PoShMon\src\Tests\Unit\PoShMon.Monitoring.SharePoint\Test-SPUPSSyncHealth.Tests.ps1" executed="True" result="Failure" success="False" time="2.5946" asserts="0" description="C:\Development\GitHub\PoShMon\PoShMon\src\Tests\Unit\PoShMon.Monitoring.SharePoint\Test-SPUPSSyncHealth.Tests.ps1">
        <results>
          <test-suite type="TestFixture" name="Test-SPUPSSyncHealth" executed="True" result="Failure" success="False" time="2.5946" asserts="0" description="Test-SPUPSSyncHealth">
            <results>
              <test-case description="Should return a matching output structure" name="Test-SPUPSSyncHealth.Should return a matching output structure" time="1.6837" asserts="0" success="False" result="Failure" executed="True">
                <failure>
                  <message>Unable to find type [UpsServiceInstanceMock].</message>
                  <stack-trace>at line: 1148 in C:\Program Files\WindowsPowerShell\Modules\Pester\4.0.2\Functions\Mock.ps1</stack-trace>
                </failure>
              </test-case>
              <test-case description="Should write the expected Verbose output" name="Test-SPUPSSyncHealth.Should write the expected Verbose output" time="0.1554" asserts="0" success="False" result="Failure" executed="True">
                <failure>
                  <message>Unable to find type [UpsServiceInstanceMock].</message>
                  <stack-trace>at line: 1148 in C:\Program Files\WindowsPowerShell\Modules\Pester\4.0.2\Functions\Mock.ps1</stack-trace>
                </failure>
              </test-case>
              <test-case description="Should write the expected Warning output" name="Test-SPUPSSyncHealth.Should write the expected Warning output" time="0.1807" asserts="0" success="False" result="Failure" executed="True">
                <failure>
                  <message>Unable to find type [UpsServiceInstanceMock].</message>
                  <stack-trace>at line: 1148 in C:\Program Files\WindowsPowerShell\Modules\Pester\4.0.2\Functions\Mock.ps1</stack-trace>
                </failure>
              </test-case>
              <test-case description="Should not warn on no failed Jobs" name="Test-SPUPSSyncHealth.Should not warn on no failed Jobs" time="0.2021" asserts="0" success="False" result="Failure" executed="True">
                <failure>
                  <message>Unable to find type [UpsServiceInstanceMock].</message>
                  <stack-trace>at line: 1148 in C:\Program Files\WindowsPowerShell\Modules\Pester\4.0.2\Functions\Mock.ps1</stack-trace>
                </failure>
              </test-case>
              <test-case description="Should warn on any failed Jobs" name="Test-SPUPSSyncHealth.Should warn on any failed Jobs" time="0.1534" asserts="0" success="False" result="Failure" executed="True">
                <failure>
                  <message>Unable to find type [UpsServiceInstanceMock].</message>
                  <stack-trace>at line: 1148 in C:\Program Files\WindowsPowerShell\Modules\Pester\4.0.2\Functions\Mock.ps1</stack-trace>
                </failure>
              </test-case>
              <test-case description="Should return all failed Jobs" name="Test-SPUPSSyncHealth.Should return all failed Jobs" time="0.2195" asserts="0" success="False" result="Failure" executed="True">
                <failure>
                  <message>Unable to find type [UpsServiceInstanceMock].</message>
                  <stack-trace>at line: 1148 in C:\Program Files\WindowsPowerShell\Modules\Pester\4.0.2\Functions\Mock.ps1</stack-trace>
                </failure>
              </test-case>
            </results>
          </test-suite>
        </results>
      </test-suite>
      <test-suite type="TestFixture" name="C:\Development\GitHub\PoShMon\PoShMon\src\Tests\Unit\PoShMon.Monitoring.SharePoint\Test-SPWindowsServiceState.Tests.ps1" executed="True" result="Failure" success="False" time="2.3694" asserts="0" description="C:\Development\GitHub\PoShMon\PoShMon\src\Tests\Unit\PoShMon.Monitoring.SharePoint\Test-SPWindowsServiceState.Tests.ps1">
        <results>
          <test-suite type="TestFixture" name="Test-SPWindowsServiceState" executed="True" result="Failure" success="False" time="2.3694" asserts="0" description="Test-SPWindowsServiceState">
            <results>
              <test-case description="Should return a matching output structure" name="Test-SPWindowsServiceState.Should return a matching output structure" time="1.6255" asserts="0" success="False" result="Failure" executed="True">
                <failure>
                  <message>Unable to find type [SPServiceInstanceMock].</message>
                  <stack-trace>at line: 1148 in C:\Program Files\WindowsPowerShell\Modules\Pester\4.0.2\Functions\Mock.ps1</stack-trace>
                </failure>
              </test-case>
              <test-case description="Should write the expected Verbose output" name="Test-SPWindowsServiceState.Should write the expected Verbose output" time="0.2397" asserts="0" success="False" result="Failure" executed="True">
                <failure>
                  <message>Unable to find type [SPServiceInstanceMock].</message>
                  <stack-trace>at line: 1148 in C:\Program Files\WindowsPowerShell\Modules\Pester\4.0.2\Functions\Mock.ps1</stack-trace>
                </failure>
              </test-case>
              <test-case description="Should fail for any service in the wrong state" name="Test-SPWindowsServiceState.Should fail for any service in the wrong state" time="0.1639" asserts="0" success="False" result="Failure" executed="True">
                <failure>
                  <message>Unable to find type [SPServiceInstanceMock].</message>
                  <stack-trace>at line: 1148 in C:\Program Files\WindowsPowerShell\Modules\Pester\4.0.2\Functions\Mock.ps1</stack-trace>
                </failure>
              </test-case>
              <test-case description="Should test for services discovered" name="Test-SPWindowsServiceState.Should test for services discovered" time="0.1646" asserts="0" success="False" result="Failure" executed="True">
                <failure>
                  <message>Unable to find type [SPServiceInstanceMock].</message>
                  <stack-trace>at line: 1148 in C:\Program Files\WindowsPowerShell\Modules\Pester\4.0.2\Functions\Mock.ps1</stack-trace>
                </failure>
              </test-case>
              <test-case description="Should skip any service specified discovered" name="Test-SPWindowsServiceState.Should skip any service specified discovered" time="0.1757" asserts="0" success="False" result="Failure" executed="True">
                <failure>
                  <message>Unable to find type [SPServiceInstanceMock].</message>
                  <stack-trace>at line: 1148 in C:\Program Files\WindowsPowerShell\Modules\Pester\4.0.2\Functions\Mock.ps1</stack-trace>
                </failure>
              </test-case>
            </results>
          </test-suite>
        </results>
      </test-suite>
      <test-suite type="TestFixture" name="C:\Development\GitHub\PoShMon\PoShMon\src\Tests\Unit\PoShMon.Monitoring.Web\Test-WebSite.Tests.ps1" executed="True" result="Failure" success="False" time="2.4198" asserts="0" description="C:\Development\GitHub\PoShMon\PoShMon\src\Tests\Unit\PoShMon.Monitoring.Web\Test-WebSite.Tests.ps1">
        <results>
          <test-suite type="TestFixture" name="Test-Website" executed="True" result="Failure" success="False" time="2.4198" asserts="0" description="Test-Website">
            <results>
              <test-case description="Should return a matching output structure" name="Test-Website.Should return a matching output structure" time="1.6897" asserts="0" success="False" result="Failure" executed="True">
                <failure>
                  <message>Unable to find type [WebRequestMock].</message>
                  <stack-trace>at line: 1148 in C:\Program Files\WindowsPowerShell\Modules\Pester\4.0.2\Functions\Mock.ps1</stack-trace>
                </failure>
              </test-case>
              <test-case description="Should write the expected Verbose output" name="Test-Website.Should write the expected Verbose output" time="0.1929" asserts="0" success="False" result="Failure" executed="True">
                <failure>
                  <message>Unable to find type [WebRequestMock].</message>
                  <stack-trace>at line: 1148 in C:\Program Files\WindowsPowerShell\Modules\Pester\4.0.2\Functions\Mock.ps1</stack-trace>
                </failure>
              </test-case>
              <test-case description="Should test directly and on each server" name="Test-Website.Should test directly and on each server" time="0.1545" asserts="0" success="False" result="Failure" executed="True">
                <failure>
                  <message>Unable to find type [WebRequestMock].</message>
                  <stack-trace>at line: 1148 in C:\Program Files\WindowsPowerShell\Modules\Pester\4.0.2\Functions\Mock.ps1</stack-trace>
                </failure>
              </test-case>
              <test-case description="Should fail on server 1" name="Test-Website.Should fail on server 1" time="0.1981" asserts="0" success="False" result="Failure" executed="True">
                <failure>
                  <message>Unable to find type [WebRequestMock].</message>
                  <stack-trace>at line: 1148 in C:\Program Files\WindowsPowerShell\Modules\Pester\4.0.2\Functions\Mock.ps1</stack-trace>
                </failure>
              </test-case>
              <test-case description="Should find matching text" name="Test-Website.Should find matching text" time="0.1845" asserts="0" success="False" result="Failure" executed="True">
                <failure>
                  <message>Unable to find type [WebRequestMock].</message>
                  <stack-trace>at line: 1148 in C:\Program Files\WindowsPowerShell\Modules\Pester\4.0.2\Functions\Mock.ps1</stack-trace>
                </failure>
              </test-case>
            </results>
          </test-suite>
        </results>
      </test-suite>
      <test-suite type="TestFixture" name="C:\Development\GitHub\PoShMon\PoShMon\src\Tests\Unit\PoShMon.Notifications.Email.Monitoring\Get-EmailOutput.Tests.ps1" executed="True" result="Success" success="True" time="0" asserts="0" description="C:\Development\GitHub\PoShMon\PoShMon\src\Tests\Unit\PoShMon.Notifications.Email.Monitoring\Get-EmailOutput.Tests.ps1">
        <results />
      </test-suite>
      <test-suite type="TestFixture" name="C:\Development\GitHub\PoShMon\PoShMon\src\Tests\Unit\PoShMon.Notifications.Email.Monitoring\New-EmailFooter.Tests.ps1" executed="True" result="Failure" success="False" time="1.8888" asserts="0" description="C:\Development\GitHub\PoShMon\PoShMon\src\Tests\Unit\PoShMon.Notifications.Email.Monitoring\New-EmailFooter.Tests.ps1">
        <results>
          <test-suite type="TestFixture" name="New-EmailFooter" executed="True" result="Failure" success="False" time="1.8888" asserts="0" description="New-EmailFooter">
            <results>
              <test-case description="Should Show the Skipped Tests" name="New-EmailFooter.Should Show the Skipped Tests" time="1.5649" asserts="0" success="False" result="Failure" executed="True">
                <failure>
                  <message>Unable to find type [ModuleMock].</message>
                  <stack-trace>at line: 1148 in C:\Program Files\WindowsPowerShell\Modules\Pester\4.0.2\Functions\Mock.ps1</stack-trace>
                </failure>
              </test-case>
              <test-case description="Should Show 'None' for non-skipped tests" name="New-EmailFooter.Should Show 'None' for non-skipped tests" time="0.1429" asserts="0" success="False" result="Failure" executed="True">
                <failure>
                  <message>Unable to find type [ModuleMock].</message>
                  <stack-trace>at line: 1148 in C:\Program Files\WindowsPowerShell\Modules\Pester\4.0.2\Functions\Mock.ps1</stack-trace>
                </failure>
              </test-case>
              <test-case description="Should Show 'None' for non-skipped tests as empty array" name="New-EmailFooter.Should Show 'None' for non-skipped tests as empty array" time="0.1546" asserts="0" success="False" result="Failure" executed="True">
                <failure>
                  <message>Unable to find type [ModuleMock].</message>
                  <stack-trace>at line: 1148 in C:\Program Files\WindowsPowerShell\Modules\Pester\4.0.2\Functions\Mock.ps1</stack-trace>
                </failure>
              </test-case>
              <test-case description="Should Show 'None' for non-skipped tests as empty item" name="New-EmailFooter.Should Show 'None' for non-skipped tests as empty item" time="0.0264" asserts="0" success="True" result="Ignored" executed="False" />
            </results>
          </test-suite>
        </results>
      </test-suite>
      <test-suite type="TestFixture" name="C:\Development\GitHub\PoShMon\PoShMon\src\Tests\Unit\PoShMon.Notifications.O365Teams\New-O365TeamsMessageBody.Tests.ps1" executed="True" result="Success" success="True" time="1.4727" asserts="0" description="C:\Development\GitHub\PoShMon\PoShMon\src\Tests\Unit\PoShMon.Notifications.O365Teams\New-O365TeamsMessageBody.Tests.ps1">
        <results>
          <test-suite type="TestFixture" name="New-O365TeamsMessageBody" executed="True" result="Success" success="True" time="1.4727" asserts="0" description="New-O365TeamsMessageBody">
            <results>
              <test-case description="Should return a the correct output for given test output" name="New-O365TeamsMessageBody.Should return a the correct output for given test output" time="1.3478" asserts="0" success="True" result="Success" executed="True" />
              <test-case description="Should return a the correct output if an exception occurs in a test" name="New-O365TeamsMessageBody.Should return a the correct output if an exception occurs in a test" time="0.1249" asserts="0" success="True" result="Success" executed="True" />
            </results>
          </test-suite>
        </results>
      </test-suite>
      <test-suite type="TestFixture" name="C:\Development\GitHub\PoShMon\PoShMon\src\Tests\Unit\PoShMon.Notifications.Pushbullet\New-PushbulletMessageBody.Tests.ps1" executed="True" result="Success" success="True" time="1.5256" asserts="0" description="C:\Development\GitHub\PoShMon\PoShMon\src\Tests\Unit\PoShMon.Notifications.Pushbullet\New-PushbulletMessageBody.Tests.ps1">
        <results>
          <test-suite type="TestFixture" name="New-PushbulletMessageBody" executed="True" result="Success" success="True" time="1.5256" asserts="0" description="New-PushbulletMessageBody">
            <results>
              <test-case description="Should return a the correct output for given test output" name="New-PushbulletMessageBody.Should return a the correct output for given test output" time="1.4406" asserts="0" success="True" result="Success" executed="True" />
              <test-case description="Should return a the correct output if an exception occurs in a test" name="New-PushbulletMessageBody.Should return a the correct output if an exception occurs in a test" time="0.0851" asserts="0" success="True" result="Success" executed="True" />
            </results>
          </test-suite>
        </results>
      </test-suite>
    </results>
  </test-suite>
</test-results>